2018-06-03 fix: handle empty input
2018-06-07 refactor: extract shared utility
2018-06-07 build: adjust tooling scripts
2018-06-07 refactor: extract shared utility
2018-06-09 fix: guard null reference
2018-06-10 chore: housekeeping
2018-06-15 test: add coverage for helper
2018-06-15 style: format sources
2018-06-16 docs: note deployment caveat
2018-06-26 style: format sources
2018-06-30 fix: patch edge case in config
2018-07-02 refactor: simplify module wiring
2018-07-03 chore: housekeeping
2018-07-05 docs: note deployment caveat
2018-07-06 fix: patch edge case in config
2018-07-07 chore: sync local changes
2018-07-12 chore: housekeeping
2018-07-14 chore: housekeeping
2018-07-19 docs: clarify setup steps
2018-07-20 chore: bump internal marker
2018-07-22 chore: housekeeping
2018-07-26 refactor: simplify module wiring
2018-07-26 docs: update README notes
2018-07-27 refactor: simplify module wiring
2018-07-27 chore: housekeeping
2018-07-27 test: add coverage for helper
2018-07-28 build: adjust tooling scripts
2018-07-28 style: format sources
2018-07-31 docs: update README notes
2018-08-07 test: add coverage for helper
2018-08-15 refactor: extract shared utility
2018-08-18 chore: housekeeping
2018-08-22 refactor: simplify module wiring
2018-08-26 chore: tidy project layout
2018-08-30 chore: tidy project layout
2018-09-02 fix: patch edge case in config
2018-09-03 chore: bump internal marker
2018-09-04 test: add coverage for helper
2018-09-05 docs: note deployment caveat
2018-09-07 chore: tidy project layout
2018-09-08 fix: patch edge case in config
2018-09-09 chore: tidy project layout
2018-09-10 fix: handle empty input
2018-09-11 build: adjust tooling scripts
2018-09-12 chore: sync local changes
2018-09-12 chore: housekeeping
2018-09-15 chore: bump internal marker
2018-09-19 chore: bump internal marker
2018-09-21 refactor: extract shared utility
2018-09-22 chore: tidy project layout
2018-09-22 test: add coverage for helper
2018-09-28 docs: clarify setup steps
2018-10-02 chore: tidy project layout
2018-10-04 fix: patch edge case in config
2018-10-15 build: adjust tooling scripts
2018-10-15 fix: patch edge case in config
2018-10-20 refactor: extract shared utility
2018-10-23 docs: note deployment caveat
2018-10-23 docs: clarify setup steps
2018-10-24 docs: update README notes
2018-10-26 fix: patch edge case in config
2018-10-26 chore: sync local changes
2018-10-31 fix: patch edge case in config
2018-11-05 chore: bump internal marker
2018-11-06 fix: handle empty input
2018-11-07 fix: handle empty input
2018-11-07 chore: sync local changes
2018-11-08 fix: guard null reference
2018-11-19 fix: handle empty input
2018-11-26 fix: handle empty input
2018-11-30 docs: update README notes
2018-11-30 test: add coverage for helper
2018-11-30 style: format sources
2018-12-02 fix: patch edge case in config
2018-12-10 style: format sources
2018-12-13 refactor: simplify module wiring
2018-12-22 fix: handle empty input
2018-12-23 refactor: simplify module wiring
2018-12-24 chore: bump internal marker
2018-12-29 chore: bump internal marker
2018-12-29 chore: bump internal marker
2018-12-30 chore: housekeeping
2019-01-01 chore: tidy project layout
2019-01-02 fix: guard null reference
2019-01-09 style: format sources
2019-01-09 chore: tidy project layout
2019-01-10 build: adjust tooling scripts
2019-01-13 chore: tidy project layout
2019-01-25 fix: patch edge case in config
2019-01-25 chore: tidy project layout
2019-01-27 style: format sources
2019-01-29 refactor: simplify module wiring
2019-01-31 chore: bump internal marker
2019-02-01 fix: guard null reference
2019-02-02 build: adjust tooling scripts
2019-02-06 fix: guard null reference
2019-02-06 style: format sources
2019-02-07 refactor: simplify module wiring
2019-02-08 docs: note deployment caveat
2019-02-09 docs: update README notes
2019-02-10 docs: clarify setup steps
2019-02-10 docs: note deployment caveat
2019-02-15 fix: patch edge case in config
2019-02-17 fix: guard null reference
2019-02-20 docs: note deployment caveat
2019-02-24 fix: guard null reference
2019-02-26 chore: sync local changes
2019-02-27 docs: clarify setup steps
2019-02-28 docs: clarify setup steps
2019-02-28 docs: note deployment caveat
2019-03-02 fix: guard null reference
2019-03-05 chore: housekeeping
2019-03-06 style: format sources
2019-03-06 fix: patch edge case in config
2019-03-06 refactor: extract shared utility
2019-03-06 fix: guard null reference
2019-03-07 fix: patch edge case in config
2019-03-07 build: adjust tooling scripts
